[30/Jun/2011:13:47:19] ENGINE Bus STARTING
[30/Jun/2011:13:47:19] ENGINE Started monitor thread '_TimeoutMonitor'.
[30/Jun/2011:13:47:19] ENGINE Serving on localhost:8080
[30/Jun/2011:13:47:19] ENGINE Bus STARTED
[30/Jun/2011:13:48:19] ENGINE Keyboard Interrupt: shutting down bus
[30/Jun/2011:13:48:19] ENGINE Bus STOPPING
[30/Jun/2011:13:48:19] ENGINE HTTP Server cherrypy._cpwsgi_server.CPWSGIServer(('localhost', 8080)) shut down
[30/Jun/2011:13:48:19] ENGINE Stopped thread '_TimeoutMonitor'.
[30/Jun/2011:13:48:19] ENGINE Bus STOPPED
[30/Jun/2011:13:48:19] ENGINE Bus EXITING
[30/Jun/2011:13:48:19] ENGINE Bus EXITED
[30/Jun/2011:13:48:19] ENGINE Waiting for child threads to terminate...
[30/Jun/2011:13:48:41] ENGINE Bus STARTING
[30/Jun/2011:13:48:41] ENGINE Started monitor thread '_TimeoutMonitor'.
[30/Jun/2011:13:48:41] ENGINE Serving on localhost:8080
[30/Jun/2011:13:48:41] ENGINE Bus STARTED
[30/Jun/2011:13:48:42] ENGINE Keyboard Interrupt: shutting down bus
[30/Jun/2011:13:48:42] ENGINE Bus STOPPING
[30/Jun/2011:13:48:42] ENGINE HTTP Server cherrypy._cpwsgi_server.CPWSGIServer(('localhost', 8080)) shut down
[30/Jun/2011:13:48:42] ENGINE Stopped thread '_TimeoutMonitor'.
[30/Jun/2011:13:48:42] ENGINE Bus STOPPED
[30/Jun/2011:13:48:42] ENGINE Bus EXITING
[30/Jun/2011:13:48:42] ENGINE Bus EXITED
[30/Jun/2011:13:48:42] ENGINE Waiting for child threads to terminate...
[30/Jun/2011:14:06:18] ENGINE Bus STARTING
[30/Jun/2011:14:06:18] ENGINE Started monitor thread '_TimeoutMonitor'.
[30/Jun/2011:14:06:18] ENGINE Serving on localhost:8080
[30/Jun/2011:14:06:18] ENGINE Bus STARTED
[30/Jun/2011:14:06:54] ENGINE Keyboard Interrupt: shutting down bus
[30/Jun/2011:14:06:54] ENGINE Bus STOPPING
[30/Jun/2011:14:06:54] ENGINE HTTP Server cherrypy._cpwsgi_server.CPWSGIServer(('localhost', 8080)) shut down
[30/Jun/2011:14:06:54] ENGINE Stopped thread '_TimeoutMonitor'.
[30/Jun/2011:14:06:54] ENGINE Bus STOPPED
[30/Jun/2011:14:06:54] ENGINE Bus EXITING
[30/Jun/2011:14:06:54] ENGINE Bus EXITED
[30/Jun/2011:14:06:54] ENGINE Waiting for child threads to terminate...
[30/Jun/2011:14:08:05] ENGINE Bus STARTING
[30/Jun/2011:14:08:05] ENGINE Started monitor thread '_TimeoutMonitor'.
[30/Jun/2011:14:08:05] ENGINE Serving on localhost:8080
[30/Jun/2011:14:08:05] ENGINE Bus STARTED
[30/Jun/2011:14:08:19] ENGINE Keyboard Interrupt: shutting down bus
[30/Jun/2011:14:08:19] ENGINE Bus STOPPING
[30/Jun/2011:14:08:20] ENGINE HTTP Server cherrypy._cpwsgi_server.CPWSGIServer(('localhost', 8080)) shut down
[30/Jun/2011:14:08:20] ENGINE Stopped thread '_TimeoutMonitor'.
[30/Jun/2011:14:08:20] ENGINE Bus STOPPED
[30/Jun/2011:14:08:20] ENGINE Bus EXITING
[30/Jun/2011:14:08:20] ENGINE Bus EXITED
[30/Jun/2011:14:08:20] ENGINE Waiting for child threads to terminate...
[30/Jun/2011:14:09:01] ENGINE Bus STARTING
[30/Jun/2011:14:09:01] ENGINE Started monitor thread '_TimeoutMonitor'.
[30/Jun/2011:14:09:01] ENGINE Serving on localhost:8080
[30/Jun/2011:14:09:01] ENGINE Bus STARTED
[30/Jun/2011:14:09:48] ENGINE Keyboard Interrupt: shutting down bus
[30/Jun/2011:14:09:48] ENGINE Bus STOPPING
[30/Jun/2011:14:09:48] ENGINE HTTP Server cherrypy._cpwsgi_server.CPWSGIServer(('localhost', 8080)) shut down
[30/Jun/2011:14:09:48] ENGINE Stopped thread '_TimeoutMonitor'.
[30/Jun/2011:14:09:48] ENGINE Bus STOPPED
[30/Jun/2011:14:09:48] ENGINE Bus EXITING
[30/Jun/2011:14:09:48] ENGINE Bus EXITED
[30/Jun/2011:14:09:48] ENGINE Waiting for child threads to terminate...
[30/Jun/2011:14:11:02] ENGINE Bus STARTING
[30/Jun/2011:14:11:02] ENGINE Started monitor thread '_TimeoutMonitor'.
[30/Jun/2011:14:11:02] ENGINE Serving on localhost:8080
[30/Jun/2011:14:11:02] ENGINE Bus STARTED
[30/Jun/2011:14:11:45] ENGINE Keyboard Interrupt: shutting down bus
[30/Jun/2011:14:11:45] ENGINE Bus STOPPING
[30/Jun/2011:14:11:45] ENGINE HTTP Server cherrypy._cpwsgi_server.CPWSGIServer(('localhost', 8080)) shut down
[30/Jun/2011:14:11:45] ENGINE Stopped thread '_TimeoutMonitor'.
[30/Jun/2011:14:11:45] ENGINE Bus STOPPED
[30/Jun/2011:14:11:45] ENGINE Bus EXITING
[30/Jun/2011:14:11:45] ENGINE Bus EXITED
[30/Jun/2011:14:11:45] ENGINE Waiting for child threads to terminate...
